<?xml version="1.0" encoding="UTF-8"?>
<!-- Generated by org.testng.reporters.JUnitReportReporter -->
<testsuite hostname="DESKTOP-5PDD91V" failures="0" tests="1" name="mosafer.Mosafer" time="0.042" errors="0" timestamp="2024-02-08T03:56:36 GMT-08:00" skipped="0">
  <testcase classname="mosafer.Mosafer" name="TestLanguageIsEnglish" time="0.042"/>
  <system-out/>
</testsuite> <!-- mosafer.Mosafer -->
