<?xml version="1.0" encoding="UTF-8"?>
<!-- Generated by org.testng.reporters.JUnitReportReporter -->
<testsuite hostname="DESKTOP-5PDD91V" failures="0" tests="6" name="mosafer.Mosafer" time="0.685" errors="0" timestamp="2024-02-09T09:47:39 GMT-08:00" skipped="0">
  <testcase classname="mosafer.Mosafer" name="TestLanguageIsEnglish" time="0.099"/>
  <system-out/>
  <testcase classname="mosafer.Mosafer" name="CheekCurrencySAR" time="0.114"/>
  <system-out/>
  <testcase classname="mosafer.Mosafer" name="CheckContactNumber" time="0.074"/>
  <system-out/>
  <testcase classname="mosafer.Mosafer" name="QetafLogo" time="0.143"/>
  <system-out/>
  <testcase classname="mosafer.Mosafer" name="CheckIfTheeHotelTabNotSelected" time="0.047"/>
  <system-out/>
  <testcase classname="mosafer.Mosafer" name="CheckDepatureDateAndReturnDate" time="0.208"/>
  <system-out/>
</testsuite> <!-- mosafer.Mosafer -->
