<?xml version="1.0" encoding="UTF-8"?>
<!-- Generated by org.testng.reporters.JUnitReportReporter -->
<testsuite hostname="DESKTOP-5PDD91V" failures="0" tests="9" name="mosafer.Mosafer" time="4.942" errors="0" timestamp="2024-02-12T14:49:48 EET" skipped="5">
  <testcase classname="mosafer.Mosafer" name="TestLanguageIsEnglish" time="0.046"/>
  <system-out/>
  <testcase classname="mosafer.Mosafer" name="RandomMethodToChangeTheLanguage" time="0.782"/>
  <system-out/>
  <testcase classname="mosafer.Mosafer" name="SelectHotel" time="0.736"/>
  <system-out/>
  <testcase classname="mosafer.Mosafer" name="select" time="3.378"/>
  <system-out/>
  <testcase classname="mosafer.Mosafer" name="CheekCurrencySAR">
    <skipped/>
  </testcase> <!-- CheekCurrencySAR -->
  <system-out/>
  <testcase classname="mosafer.Mosafer" name="CheckContactNumber">
    <skipped/>
  </testcase> <!-- CheckContactNumber -->
  <system-out/>
  <testcase classname="mosafer.Mosafer" name="CheckDepatureDateAndReturnDate">
    <skipped/>
  </testcase> <!-- CheckDepatureDateAndReturnDate -->
  <system-out/>
  <testcase classname="mosafer.Mosafer" name="QetafLogo">
    <skipped/>
  </testcase> <!-- QetafLogo -->
  <system-out/>
  <testcase classname="mosafer.Mosafer" name="CheckIfTheeHotelTabNotSelected">
    <skipped/>
  </testcase> <!-- CheckIfTheeHotelTabNotSelected -->
  <system-out/>
</testsuite> <!-- mosafer.Mosafer -->
